nim/build/intermediates/manifest_merge_blame_file/debug/manifest-merger-blame-debug-report.txt
1<?xml version="1.0" encoding="utf-8"?>
2<manifest xmlns:android="http://schemas.android.com/apk/res/android"
3    xmlns:tools="http://schemas.android.com/tools"
4    package="com.zxn.nim"
5    android:installLocation="auto"
6    android:versionCode="140"
7    android:versionName="8.0.0" >
8
9    <uses-sdk
9-->src\main\AndroidManifest.xml:64:5-97
10        android:minSdkVersion="22"
10-->src\main\AndroidManifest.xml:64:5-97
11        android:targetSdkVersion="28"
11-->src\main\AndroidManifest.xml:64:5-97
12        tools:overrideLibrary="com.huawei.android.hms.base,com.huawei.android.hms.push" />
12-->src\main\AndroidManifest.xml:64:15-94
13
14    <!-- 加入应用需要的权限 -->
15    <!-- 网络相关 -->
16    <uses-permission android:name="android.permission.INTERNET" />
16-->src\main\AndroidManifest.xml:9:5-67
16-->src\main\AndroidManifest.xml:9:22-64
17    <uses-permission android:name="android.permission.ACCESS_NETWORK_STATE" />
17-->src\main\AndroidManifest.xml:10:5-79
17-->src\main\AndroidManifest.xml:10:22-76
18    <uses-permission android:name="android.permission.ACCESS_WIFI_STATE" />
18-->src\main\AndroidManifest.xml:11:5-76
18-->src\main\AndroidManifest.xml:11:22-73
19    <uses-permission android:name="android.permission.CHANGE_WIFI_STATE" />
19-->src\main\AndroidManifest.xml:12:5-76
19-->src\main\AndroidManifest.xml:12:22-73
20
21    <!-- 读写文件 -->
22    <uses-permission android:name="android.permission.READ_EXTERNAL_STORAGE" />
22-->src\main\AndroidManifest.xml:15:5-80
22-->src\main\AndroidManifest.xml:15:22-77
23    <uses-permission android:name="android.permission.WRITE_EXTERNAL_STORAGE" />
23-->src\main\AndroidManifest.xml:16:5-81
23-->src\main\AndroidManifest.xml:16:22-78
24
25    <!-- 定位相关 -->
26    <uses-permission android:name="android.permission.ACCESS_FINE_LOCATION" />
26-->src\main\AndroidManifest.xml:19:5-79
26-->src\main\AndroidManifest.xml:19:22-76
27    <uses-permission android:name="android.permission.ACCESS_COARSE_LOCATION" />
27-->src\main\AndroidManifest.xml:20:5-81
27-->src\main\AndroidManifest.xml:20:22-78
28    <uses-permission android:name="android.permission.ACCESS_LOCATION_EXTRA_COMMANDS" />
28-->src\main\AndroidManifest.xml:21:5-89
28-->src\main\AndroidManifest.xml:21:22-86
29
30    <!-- 多媒体 -->
31    <uses-permission android:name="android.permission.READ_PHONE_STATE" />
31-->src\main\AndroidManifest.xml:24:5-75
31-->src\main\AndroidManifest.xml:24:22-72
32    <uses-permission android:name="android.permission.CAMERA" />
32-->src\main\AndroidManifest.xml:25:5-65
32-->src\main\AndroidManifest.xml:25:22-62
33    <uses-permission android:name="android.permission.RECORD_AUDIO" />
33-->src\main\AndroidManifest.xml:26:5-71
33-->src\main\AndroidManifest.xml:26:22-68
34    <uses-permission android:name="android.permission.BLUETOOTH" />
34-->src\main\AndroidManifest.xml:27:5-68
34-->src\main\AndroidManifest.xml:27:22-65
35    <uses-permission android:name="android.permission.BLUETOOTH_ADMIN" />
35-->src\main\AndroidManifest.xml:28:5-74
35-->src\main\AndroidManifest.xml:28:22-71
36
37    <!-- 手机状态 -->
38    <uses-permission android:name="android.permission.GET_TASKS" />
38-->src\main\AndroidManifest.xml:31:5-68
38-->src\main\AndroidManifest.xml:31:22-65
39    <uses-permission android:name="android.permission.FLASHLIGHT" />
39-->src\main\AndroidManifest.xml:32:5-69
39-->src\main\AndroidManifest.xml:32:22-66
40    <uses-permission android:name="android.permission.VIBRATE" />
40-->src\main\AndroidManifest.xml:33:5-66
40-->src\main\AndroidManifest.xml:33:22-63
41    <uses-permission
41-->src\main\AndroidManifest.xml:34:5-36:47
42        android:name="android.permission.CHANGE_CONFIGURATION"
42-->src\main\AndroidManifest.xml:35:9-63
43        tools:ignore="ProtectedPermissions" />
43-->src\main\AndroidManifest.xml:36:9-44
44    <uses-permission android:name="android.permission.MODIFY_AUDIO_SETTINGS" />
44-->src\main\AndroidManifest.xml:37:5-80
44-->src\main\AndroidManifest.xml:37:22-77
45    <uses-permission
45-->src\main\AndroidManifest.xml:38:5-40:47
46        android:name="android.permission.WRITE_SETTINGS"
46-->src\main\AndroidManifest.xml:39:9-57
47        tools:ignore="ProtectedPermissions" />
47-->src\main\AndroidManifest.xml:40:9-44
48    <uses-permission android:name="android.permission.DISABLE_KEYGUARD" />
48-->src\main\AndroidManifest.xml:42:5-75
48-->src\main\AndroidManifest.xml:42:22-72
49    <uses-permission android:name="android.permission.WAKE_LOCK" />
49-->src\main\AndroidManifest.xml:43:5-68
49-->src\main\AndroidManifest.xml:43:22-65
50
51    <!-- 8.0 系统上需要 -->
52    <uses-permission android:name="android.permission.FOREGROUND_SERVICE" />
52-->src\main\AndroidManifest.xml:47:5-77
52-->src\main\AndroidManifest.xml:47:22-74
53
54    <!-- SDK权限申明, 第三方APP接入时，请将com.zxn.nim替换为自己的包名 -->
55    <!-- 和下面的uses-permission一起加入到你的AndroidManifest文件中。 -->
56    <permission
56-->src\main\AndroidManifest.xml:51:5-53:47
57        android:name="com.zxn.nim.permission.RECEIVE_MSG"
57-->src\main\AndroidManifest.xml:52:9-58
58        android:protectionLevel="signature" />
58-->src\main\AndroidManifest.xml:53:9-44
59
60    <!-- 接受SDK消息广播权限， 第三方APP接入时，请将com.zxn.nim替换为自己的包名 -->
61    <uses-permission android:name="com.zxn.nim.permission.RECEIVE_MSG" />
61-->src\main\AndroidManifest.xml:56:5-74
61-->src\main\AndroidManifest.xml:56:22-71
62
63    <!-- 小米推送 -->
64    <permission
64-->src\main\AndroidManifest.xml:59:5-61:47
65        android:name="com.zxn.nim.permission.MIPUSH_RECEIVE"
65-->src\main\AndroidManifest.xml:60:9-61
66        android:protectionLevel="signature" />
66-->src\main\AndroidManifest.xml:61:9-44
67
68    <uses-permission android:name="com.zxn.nim.permission.MIPUSH_RECEIVE" />
68-->src\main\AndroidManifest.xml:62:5-77
68-->src\main\AndroidManifest.xml:62:22-74
69    <!-- 魅族推送 -->
70
71
72    <!-- 兼容 Flyme5 以下版本，魅族内部接入 PushSDK 必填，不然无法收到消息 -->
73    <uses-permission android:name="com.meizu.flyme.push.permission.RECEIVE" />
73-->src\main\AndroidManifest.xml:68:5-79
73-->src\main\AndroidManifest.xml:68:22-76
74
75    <permission
75-->src\main\AndroidManifest.xml:69:5-71:47
76        android:name="com.zxn.nim.push.permission.MESSAGE"
76-->src\main\AndroidManifest.xml:70:9-59
77        android:protectionLevel="signature" />
77-->src\main\AndroidManifest.xml:71:9-44
78
79    <uses-permission android:name="com.zxn.nim.push.permission.MESSAGE" />
79-->src\main\AndroidManifest.xml:72:5-75
79-->src\main\AndroidManifest.xml:72:22-72
80    <!-- 兼容 Flyme3 配置权限 -->
81    <uses-permission android:name="com.meizu.c2dm.permission.RECEIVE" />
81-->src\main\AndroidManifest.xml:74:5-73
81-->src\main\AndroidManifest.xml:74:22-70
82
83    <permission
83-->src\main\AndroidManifest.xml:75:5-77:47
84        android:name="com.zxn.nim.permission.C2D_MESSAGE"
84-->src\main\AndroidManifest.xml:76:9-58
85        android:protectionLevel="signature" />
85-->src\main\AndroidManifest.xml:77:9-44
86
87    <uses-permission android:name="com.zxn.nim.permission.C2D_MESSAGE" />
87-->src\main\AndroidManifest.xml:78:5-74
87-->src\main\AndroidManifest.xml:78:22-71
88
89    <!-- oppo推送配置权限 -->
90    <uses-permission android:name="com.coloros.mcs.permission.RECIEVE_MCS_MESSAGE" />
90-->src\main\AndroidManifest.xml:81:5-86
90-->src\main\AndroidManifest.xml:81:22-83
91    <uses-permission android:name="com.heytap.mcs.permission.RECIEVE_MCS_MESSAGE" />
91-->src\main\AndroidManifest.xml:82:5-85
91-->src\main\AndroidManifest.xml:82:22-82
92
93    <application
93-->src\main\AndroidManifest.xml:85:5-306:19
94        android:allowBackup="true"
94-->src\main\AndroidManifest.xml:86:9-35
95        android:usesCleartextTraffic="true" >
95-->src\main\AndroidManifest.xml:87:9-44
96
97        <!-- 如果IDE是Eclipse，此处可将build.gradle中的AMAP_KEY定义拷贝过来。 -->
98        <meta-data
99            android:name="com.amap.api.v2.apikey"
99-->src\main\AndroidManifest.xml:91:13-50
100            android:value="09fd4efd3e28e9bf1f449ecec7d34bfe" />
100-->src\main\AndroidManifest.xml:92:13-40
101        <meta-data
101-->src\main\AndroidManifest.xml:94:9-96:64
102            android:name="com.zxn.nim.appKey"
102-->src\main\AndroidManifest.xml:95:13-46
103            android:value="40b5f5ff9dc3e53d5568bfd5531ba085" />
103-->src\main\AndroidManifest.xml:96:13-61
104
105        <uses-library
105-->src\main\AndroidManifest.xml:98:9-100:40
106            android:name="com.google.android.maps"
106-->src\main\AndroidManifest.xml:99:13-51
107            android:required="false" />
107-->src\main\AndroidManifest.xml:100:13-37
108
109        <!-- 金融魔方SDK 渠道id以及红包名称 -->
110        <meta-data
110-->src\main\AndroidManifest.xml:103:9-105:49
111            android:name="JRMF_PARTNER_NAME"
111-->src\main\AndroidManifest.xml:104:13-45
112            android:value="yunxin_red_packet" />
112-->src\main\AndroidManifest.xml:105:13-46
113
114        <!-- 全面屏配置 -->
115        <meta-data
115-->src\main\AndroidManifest.xml:108:9-110:35
116            android:name="android.max_aspect"
116-->src\main\AndroidManifest.xml:109:13-46
117            android:value="2.1" />
117-->src\main\AndroidManifest.xml:110:13-32
118
119        <!-- 声明云信后台服务 -->
120        <service
120-->src\main\AndroidManifest.xml:117:9-119:39
121            android:name="com.netease.nimlib.service.NimService"
121-->src\main\AndroidManifest.xml:118:13-65
122            android:process=":core" />
122-->src\main\AndroidManifest.xml:119:13-36
123
124        <!-- 运行后台辅助服务 -->
125        <service
125-->src\main\AndroidManifest.xml:122:9-124:39
126            android:name="com.netease.nimlib.service.NimService$Aux"
126-->src\main\AndroidManifest.xml:123:13-69
127            android:process=":core" />
127-->src\main\AndroidManifest.xml:124:13-36
128
129        <!-- 声明云信后台辅助服务 -->
130        <service
130-->src\main\AndroidManifest.xml:127:9-131:39
131            android:name="com.netease.nimlib.job.NIMJobService"
131-->src\main\AndroidManifest.xml:128:13-64
132            android:exported="true"
132-->src\main\AndroidManifest.xml:129:13-36
133            android:permission="android.permission.BIND_JOB_SERVICE"
133-->src\main\AndroidManifest.xml:130:13-69
134            android:process=":core" />
134-->src\main\AndroidManifest.xml:131:13-36
135
136        <!-- 云信SDK的监视系统启动和网络变化的广播接收器，用户开机自启动以及网络变化时候重新登录 -->
137        <receiver
137-->src\main\AndroidManifest.xml:134:9-142:20
138            android:name="com.netease.nimlib.service.NimReceiver"
138-->src\main\AndroidManifest.xml:135:13-66
139            android:exported="false"
139-->src\main\AndroidManifest.xml:136:13-37
140            android:process=":core" >
140-->src\main\AndroidManifest.xml:137:13-36
141            <intent-filter>
141-->src\main\AndroidManifest.xml:138:13-141:29
142                <action android:name="android.intent.action.BOOT_COMPLETED" />
142-->src\main\AndroidManifest.xml:139:17-79
142-->src\main\AndroidManifest.xml:139:25-76
143                <action android:name="android.net.conn.CONNECTIVITY_CHANGE" />
143-->src\main\AndroidManifest.xml:140:17-79
143-->src\main\AndroidManifest.xml:140:25-76
144            </intent-filter>
145        </receiver>
146
147        <!-- 云信进程间通信receiver -->
148        <receiver android:name="com.netease.nimlib.service.ResponseReceiver" />
148-->src\main\AndroidManifest.xml:145:9-80
148-->src\main\AndroidManifest.xml:145:19-77
149
150        <!-- 云信进程间通信service -->
151        <service android:name="com.netease.nimlib.service.ResponseService" />
151-->src\main\AndroidManifest.xml:148:9-78
151-->src\main\AndroidManifest.xml:148:18-75
152
153        <!-- 云信进程间通信provider -->
154        <!-- android:authorities="{包名}.ipc.provider", 请将com.zxn.nim替换为自己的包名 -->
155        <!--
156                    <provider
157                    android:name="com.netease.nimlib.ipc.NIMContentProvider"
158                    android:authorities="com.zxn.nim.ipc.provider"
159                    android:exported="false"
160                    android:process=":core" />
161        -->
162
163
164        <!-- 云信内部使用的进程间通信provider -->
165        <!--
166                    <provider
167                    android:name="com.netease.nimlib.ipc.cp.provider.PreferenceContentProvider"
168                    android:authorities="com.zxn.nim.ipc.provider.preference"
169                    android:exported="false" />
170        -->
171
172
173        <!-- 小米推送配置 -->
174        <service
174-->src\main\AndroidManifest.xml:165:9-170:42
175            android:name="com.xiaomi.push.service.XMJobService"
175-->src\main\AndroidManifest.xml:166:13-64
176            android:enabled="true"
176-->src\main\AndroidManifest.xml:167:13-35
177            android:exported="false"
177-->src\main\AndroidManifest.xml:168:13-37
178            android:permission="android.permission.BIND_JOB_SERVICE"
178-->src\main\AndroidManifest.xml:169:13-69
179            android:process=":mixpush" />
179-->src\main\AndroidManifest.xml:170:13-39
180        <service
180-->src\main\AndroidManifest.xml:172:9-175:42
181            android:name="com.xiaomi.push.service.XMPushService"
181-->src\main\AndroidManifest.xml:173:13-65
182            android:enabled="true"
182-->src\main\AndroidManifest.xml:174:13-35
183            android:process=":mixpush" />
183-->src\main\AndroidManifest.xml:175:13-39
184
185        <receiver
185-->src\main\AndroidManifest.xml:177:9-184:20
186            android:name="com.xiaomi.push.service.receivers.PingReceiver"
186-->src\main\AndroidManifest.xml:178:13-74
187            android:exported="false"
187-->src\main\AndroidManifest.xml:179:13-37
188            android:process=":mixpush" >
188-->src\main\AndroidManifest.xml:180:13-39
189            <intent-filter>
189-->src\main\AndroidManifest.xml:181:13-183:29
190                <action android:name="com.xiaomi.push.PING_TIMER" />
190-->src\main\AndroidManifest.xml:182:17-69
190-->src\main\AndroidManifest.xml:182:25-66
191            </intent-filter>
192        </receiver>
193        <receiver
193-->src\main\AndroidManifest.xml:186:9-193:20
194            android:name="com.xiaomi.push.service.receivers.NetworkStatusReceiver"
194-->src\main\AndroidManifest.xml:187:13-83
195            android:exported="true" >
195-->src\main\AndroidManifest.xml:188:13-36
196            <intent-filter>
196-->src\main\AndroidManifest.xml:189:13-192:29
197                <action android:name="android.net.conn.CONNECTIVITY_CHANGE" />
197-->src\main\AndroidManifest.xml:140:17-79
197-->src\main\AndroidManifest.xml:140:25-76
198
199                <category android:name="android.intent.category.DEFAULT" />
199-->src\main\AndroidManifest.xml:191:17-76
199-->src\main\AndroidManifest.xml:191:27-73
200            </intent-filter>
201        </receiver>
202
203        <service
203-->src\main\AndroidManifest.xml:195:9-198:39
204            android:name="com.xiaomi.mipush.sdk.PushMessageHandler"
204-->src\main\AndroidManifest.xml:196:13-68
205            android:enabled="true"
205-->src\main\AndroidManifest.xml:197:13-35
206            android:exported="true" />
206-->src\main\AndroidManifest.xml:198:13-36
207        <service
207-->src\main\AndroidManifest.xml:200:9-202:38
208            android:name="com.xiaomi.mipush.sdk.MessageHandleService"
208-->src\main\AndroidManifest.xml:201:13-70
209            android:enabled="true" />
209-->src\main\AndroidManifest.xml:202:13-35
210
211        <receiver
211-->src\main\AndroidManifest.xml:204:9-212:20
212            android:name="com.netease.nimlib.mixpush.mi.MiPushReceiver"
212-->src\main\AndroidManifest.xml:205:13-72
213            android:exported="true" >
213-->src\main\AndroidManifest.xml:206:13-36
214            <intent-filter android:priority="0x7fffffff" >
214-->src\main\AndroidManifest.xml:207:13-211:29
214-->src\main\AndroidManifest.xml:207:28-57
215                <action android:name="com.xiaomi.mipush.RECEIVE_MESSAGE" />
215-->src\main\AndroidManifest.xml:208:17-76
215-->src\main\AndroidManifest.xml:208:25-73
216                <action android:name="com.xiaomi.mipush.MESSAGE_ARRIVED" />
216-->src\main\AndroidManifest.xml:209:17-76
216-->src\main\AndroidManifest.xml:209:25-73
217                <action android:name="com.xiaomi.mipush.ERROR" />
217-->src\main\AndroidManifest.xml:210:17-66
217-->src\main\AndroidManifest.xml:210:25-63
218            </intent-filter>
219        </receiver>
220
221        <!-- 华为推送配置 -->
222        <service
222-->src\main\AndroidManifest.xml:215:9-222:19
223            android:name="com.netease.nimlib.mixpush.hw.HWPushService"
223-->src\main\AndroidManifest.xml:216:13-71
224            android:exported="false" >
224-->src\main\AndroidManifest.xml:217:13-37
225            <intent-filter>
225-->src\main\AndroidManifest.xml:218:13-220:29
226                <action android:name="com.huawei.push.action.MESSAGING_EVENT" />
226-->src\main\AndroidManifest.xml:219:17-81
226-->src\main\AndroidManifest.xml:219:25-78
227            </intent-filter>
228        </service>
229
230        <!-- fcm -->
231        <service
231-->src\main\AndroidManifest.xml:227:9-233:19
232            android:name="com.netease.nimlib.mixpush.fcm.FCMTokenService"
232-->src\main\AndroidManifest.xml:228:13-74
233            android:exported="false" >
233-->src\main\AndroidManifest.xml:229:13-37
234            <intent-filter>
234-->src\main\AndroidManifest.xml:230:13-232:29
235                <action android:name="com.google.firebase.MESSAGING_EVENT" />
235-->src\main\AndroidManifest.xml:231:17-78
235-->src\main\AndroidManifest.xml:231:25-75
236            </intent-filter>
237        </service>
238
239        <!-- 设置收到 fcm 通知展示的图标和颜色 -->
240        <meta-data
240-->src\main\AndroidManifest.xml:236:9-238:63
241            android:name="com.google.firebase.messaging.default_notification_icon"
241-->src\main\AndroidManifest.xml:237:13-83
242            android:resource="@drawable/ic_stat_notify_msg" />
242-->src\main\AndroidManifest.xml:238:13-60
243        <meta-data
243-->src\main\AndroidManifest.xml:239:9-241:59
244            android:name="com.google.firebase.messaging.default_notification_color"
244-->src\main\AndroidManifest.xml:240:13-84
245            android:resource="@color/color_blue_3a9efb" />
245-->src\main\AndroidManifest.xml:241:13-56
246
247        <!-- 魅族推送配置项 -->
248        <receiver android:name="com.netease.nimlib.mixpush.mz.MZPushReceiver" >
248-->src\main\AndroidManifest.xml:244:9-258:20
248-->src\main\AndroidManifest.xml:244:19-78
249            <intent-filter android:priority="0x7fffffff" >
249-->src\main\AndroidManifest.xml:245:13-257:29
249-->src\main\AndroidManifest.xml:245:28-57
250
251                <!-- 接收 push 消息 -->
252                <action android:name="com.meizu.flyme.push.intent.MESSAGE" />
252-->src\main\AndroidManifest.xml:247:17-78
252-->src\main\AndroidManifest.xml:247:25-75
253                <!-- 接收 register 消息 -->
254                <action android:name="com.meizu.flyme.push.intent.REGISTER.FEEDBACK" />
254-->src\main\AndroidManifest.xml:249:17-88
254-->src\main\AndroidManifest.xml:249:25-85
255                <!-- 接收 unregister 消息 -->
256                <action android:name="com.meizu.flyme.push.intent.UNREGISTER.FEEDBACK" />
256-->src\main\AndroidManifest.xml:251:17-90
256-->src\main\AndroidManifest.xml:251:25-87
257                <!-- 兼容低版本 Flyme3 推送服务配置 -->
258                <action android:name="com.meizu.c2dm.intent.REGISTRATION" />
258-->src\main\AndroidManifest.xml:253:17-77
258-->src\main\AndroidManifest.xml:253:25-74
259                <action android:name="com.meizu.c2dm.intent.RECEIVE" />
259-->src\main\AndroidManifest.xml:254:17-72
259-->src\main\AndroidManifest.xml:254:25-69
260
261                <category android:name="com.zxn.nim" />
261-->src\main\AndroidManifest.xml:256:17-56
261-->src\main\AndroidManifest.xml:256:27-53
262            </intent-filter>
263        </receiver>
264
265        <!-- Vivo推送配置项 -->
266        <service
266-->src\main\AndroidManifest.xml:261:9-263:39
267            android:name="com.vivo.push.sdk.service.CommandClientService"
267-->src\main\AndroidManifest.xml:262:13-74
268            android:exported="true" />
268-->src\main\AndroidManifest.xml:263:13-36
269
270        <activity
270-->src\main\AndroidManifest.xml:264:9-268:75
271            android:name="com.vivo.push.sdk.LinkProxyClientActivity"
271-->src\main\AndroidManifest.xml:265:13-69
272            android:exported="false"
272-->src\main\AndroidManifest.xml:266:13-37
273            android:screenOrientation="portrait"
273-->src\main\AndroidManifest.xml:267:13-49
274            android:theme="@android:style/Theme.Translucent.NoTitleBar" />
274-->src\main\AndroidManifest.xml:268:13-72
275
276        <meta-data
276-->src\main\AndroidManifest.xml:270:9-272:68
277            android:name="com.vivo.push.api_key"
277-->src\main\AndroidManifest.xml:271:13-49
278            android:value="2e8c38a8-604a-4c96-9bc0-e102f72728e9" />
278-->src\main\AndroidManifest.xml:272:13-65
279        <meta-data
279-->src\main\AndroidManifest.xml:273:9-275:37
280            android:name="com.vivo.push.app_id"
280-->src\main\AndroidManifest.xml:274:13-48
281            android:value="17757" />
281-->src\main\AndroidManifest.xml:275:13-34
282
283        <receiver android:name="com.netease.nimlib.mixpush.vivo.VivoPushReceiver" >
283-->src\main\AndroidManifest.xml:277:9-282:20
283-->src\main\AndroidManifest.xml:277:19-82
284            <intent-filter>
284-->src\main\AndroidManifest.xml:278:13-281:29
285
286                <!-- 接收 push 消息 -->
287                <action android:name="com.vivo.pushclient.action.RECEIVE" />
287-->src\main\AndroidManifest.xml:280:17-77
287-->src\main\AndroidManifest.xml:280:25-74
288            </intent-filter>
289        </receiver>
290
291        <!-- Oppo推送配置项 需要配置以下两项 -->
292        <service
292-->src\main\AndroidManifest.xml:285:9-292:19
293            android:name="com.netease.nimlib.mixpush.oppo.OppoPushService"
293-->src\main\AndroidManifest.xml:286:13-75
294            android:permission="com.coloros.mcs.permission.SEND_MCS_MESSAGE" >
294-->src\main\AndroidManifest.xml:288:13-77
295            <intent-filter>
295-->src\main\AndroidManifest.xml:289:13-291:29
296                <action android:name="com.coloros.mcs.action.RECEIVE_MCS_MESSAGE" />
296-->src\main\AndroidManifest.xml:290:17-85
296-->src\main\AndroidManifest.xml:290:25-82
297            </intent-filter>
298        </service> <!-- 兼容Q以下版本 -->
299
300        <service
300-->src\main\AndroidManifest.xml:294:9-304:19
301            android:name="com.netease.nimlib.mixpush.oppo.OppoAppPushService"
301-->src\main\AndroidManifest.xml:295:13-78
302            android:permission="com.heytap.mcs.permission.SEND_PUSH_MESSAGE" >
302-->src\main\AndroidManifest.xml:297:13-77
303            <intent-filter>
303-->src\main\AndroidManifest.xml:299:13-303:29
304                <action android:name="com.heytap.mcs.action.RECEIVE_MCS_MESSAGE" />
304-->src\main\AndroidManifest.xml:300:17-84
304-->src\main\AndroidManifest.xml:300:25-81
305                <action android:name="com.heytap.msp.push.RECEIVE_MCS_MESSAGE" />
305-->src\main\AndroidManifest.xml:302:17-82
305-->src\main\AndroidManifest.xml:302:25-79
306            </intent-filter>
307        </service> <!-- 兼容Q版本 -->
308
309    </application>
310
311</manifest>